# vsim -vopt work.alu_tb -voptargs="+acc=npr" -assertdebug -l alu.log -sva -coverage -c -do "log -r /*; add wave -r /*; coverage save -onexit -assert -directive -cvg -codeAll alu_coverage.ucdb; run -all; exit" -wlf alu_waveform.wlf 
# Start time: 11:17:47 on Jun 15,2023
# ** Note: (vsim-3813) Design is being optimized due to module recompilation...
# //  Questa Sim
# //  Version 10.6c linux Jul 25 2017
# //
# //  Copyright 1991-2017 Mentor Graphics Corporation
# //  All Rights Reserved.
# //
# //  QuestaSim and its associated documentation contain trade
# //  secrets and commercial or financial information that are the property of
# //  Mentor Graphics Corporation and are privileged, confidential,
# //  and exempt from disclosure under the Freedom of Information Act,
# //  5 U.S.C. Section 552. Furthermore, this information
# //  is prohibited from disclosure under the Trade Secrets Act,
# //  18 U.S.C. Section 1905.
# //
# Loading sv_std.std
# Loading work.alu_tb(fast)
# Loading work.alu(fast)
# log -r /*
#  add wave -r /*
#  coverage save -onexit -assert -directive -cvg -codeAll alu_coverage.ucdb
#  run -all
# ** Note: $finish    : alu_tb.sv(18)
#    Time: 800 ns  Iteration: 0  Instance: /alu_tb
# Saving coverage database on exit...
# End time: 11:18:07 on Jun 15,2023, Elapsed time: 0:00:20
# Errors: 0, Warnings: 0
